----------------------------------------------------------------
2016-01-12 22:02:03.842 GMT:
 Booting Derby version The Apache Software Foundation - Apache Derby - 10.5.3.0 - (802917): instance a816c00e-0152-37dc-322b-00000cd8a080
on database directory /Users/ramesh/stash/asylum/jackrabbit-example/repository/version/db  

Database Class Loader started - derby.database.classpath=''
----------------------------------------------------------------
2016-01-12 22:02:04.481 GMT:
 Booting Derby version The Apache Software Foundation - Apache Derby - 10.5.3.0 - (802917): instance 888c4022-0152-37dc-322b-00000cd8a080
on database directory /Users/ramesh/stash/asylum/jackrabbit-example/repository/workspaces/default/db  

Database Class Loader started - derby.database.classpath=''
----------------------------------------------------------------
2016-01-12 22:02:05.061 GMT:
 Booting Derby version The Apache Software Foundation - Apache Derby - 10.5.3.0 - (802917): instance 6965c036-0152-37dc-322b-00000cd8a080
on database directory /Users/ramesh/stash/asylum/jackrabbit-example/repository/workspaces/security/db  

Database Class Loader started - derby.database.classpath=''

2016-01-12 22:02:05.454 GMT:
Shutting down instance 888c4022-0152-37dc-322b-00000cd8a080
----------------------------------------------------------------

2016-01-12 22:02:05.472 GMT:
Shutting down instance 6965c036-0152-37dc-322b-00000cd8a080
----------------------------------------------------------------

2016-01-12 22:02:05.483 GMT:
Shutting down instance a816c00e-0152-37dc-322b-00000cd8a080
----------------------------------------------------------------
